ERROR:root:ABC Maritime
ERROR:root:'MasterData' object is not subscriptable
ERROR:root:Aerio Shipmanagement Ltd
ERROR:root:2
ERROR:root:ABC Maritime
ERROR:root:can only concatenate str (not "list") to str
ERROR:root:Aerio Shipmanagement Ltd
ERROR:root:2
WARNING:django.request:Not Found: /cart.json
INFO:django.utils.autoreload:F:\invoice_genrator\myapp\utils.py changed, reloading.
ERROR:root:ABC Maritime
ERROR:root:'str' object has no attribute 'tolist'
ERROR:root:Aerio Shipmanagement Ltd
ERROR:root:2
ERROR:root:ABC Maritime
ERROR:root:'list' object has no attribute 'tolist'
ERROR:root:Aerio Shipmanagement Ltd
ERROR:root:2
WARNING:django.request:Not Found: /cart.json
ERROR:root:ABC Maritime
ERROR:root:too many values to unpack (expected 2)
ERROR:root:Aerio Shipmanagement Ltd
ERROR:root:2
INFO:django.utils.autoreload:F:\invoice_genrator\myapp\utils.py changed, reloading.
ERROR:root:ABC Maritime
ERROR:root:name 'contact_name' is not defined
ERROR:root:Aerio Shipmanagement Ltd
ERROR:root:2
WARNING:django.request:Not Found: /cart.json
ERROR:root:ABC Maritime
ERROR:root:too many values to unpack (expected 2)
ERROR:root:Aerio Shipmanagement Ltd
ERROR:root:2
WARNING:django.request:Not Found: /cart.json
ERROR:root:ABC Maritime
ERROR:root:too many values to unpack (expected 2)
ERROR:root:Aerio Shipmanagement Ltd
ERROR:root:2
ERROR:root:ABC Maritime
ERROR:root:get_num_invoice() missing 1 required positional argument: 'type'
ERROR:root:Aerio Shipmanagement Ltd
ERROR:root:2
WARNING:django.request:Not Found: /cart.json
ERROR:root:ABC Maritime
ERROR:root:name 'last_month_number' is not defined
ERROR:root:Aerio Shipmanagement Ltd
ERROR:root:2
WARNING:django.request:Not Found: /cart.json
ERROR:root:ABC Maritime
ERROR:root:name 'previous_month' is not defined
ERROR:root:Aerio Shipmanagement Ltd
ERROR:root:2
WARNING:django.request:Not Found: /cart.json
ERROR:root:ABC Maritime
ERROR:root:Cannot resolve keyword 'contact_name' into field. Choices are: account_name, current_year, id, invoice_Type, invoice_file_name, invoice_number, previous_month, previous_year, total_cost, user, user_id, user_name
ERROR:root:Aerio Shipmanagement Ltd
ERROR:root:2
WARNING:django.request:Not Found: /cart.json
ERROR:root:ABC Maritime
ERROR:root:get_num_invoice() missing 1 required positional argument: 'type'
ERROR:root:Aerio Shipmanagement Ltd
ERROR:root:2
WARNING:django.request:Not Found: /cart.json
ERROR:root:ABC Maritime
ERROR:root:get_num_invoice() missing 1 required positional argument: 'type'
ERROR:root:Aerio Shipmanagement Ltd
ERROR:root:2
WARNING:django.request:Not Found: /cart.json
INFO:django.utils.autoreload:F:\invoice_genrator\myapp\utils.py changed, reloading.
ERROR:root:ABC Maritime
ERROR:root:type object 'Invoices' has no attribute 'object'
ERROR:root:Aerio Shipmanagement Ltd
ERROR:root:'dict' object has no attribute 'gbp_rate'
WARNING:django.request:Not Found: /cart.json
ERROR:root:ABC Maritime
ERROR:root:Cannot resolve keyword 'Invoice_Number' into field. Choices are: account_name, current_year, id, invoice_Type, invoice_file_name, invoice_number, previous_month, previous_year, total_cost, user, user_id, user_name
ERROR:root:Aerio Shipmanagement Ltd
ERROR:root:'dict' object has no attribute 'gbp_rate'
ERROR:root:ABC Maritime
ERROR:root:object of type 'NoneType' has no len()
ERROR:root:Aerio Shipmanagement Ltd
ERROR:root:'dict' object has no attribute 'gbp_rate'
ERROR:root:ABC Maritime
ERROR:root:'NoneType' object has no attribute 'exists'
ERROR:root:Aerio Shipmanagement Ltd
ERROR:root:'dict' object has no attribute 'gbp_rate'
WARNING:django.request:Not Found: /cart.json
ERROR:root:ABC Maritime
ERROR:root:'NoneType' object has no attribute 'exists'
ERROR:root:Aerio Shipmanagement Ltd
ERROR:root:'dict' object has no attribute 'gbp_rate'
ERROR:root:ABC Maritime
ERROR:root:'NoneType' object has no attribute 'exists'
ERROR:root:Aerio Shipmanagement Ltd
ERROR:root:'dict' object has no attribute 'gbp_rate'
ERROR:root:ABC Maritime
ERROR:root:int() argument must be a string, a bytes-like object or a real number, not 'NoneType'
ERROR:root:Aerio Shipmanagement Ltd
ERROR:root:'dict' object has no attribute 'gbp_rate'
WARNING:django.request:Not Found: /cart.json
ERROR:root:ABC Maritime
ERROR:root:int() argument must be a string, a bytes-like object or a real number, not 'NoneType'
ERROR:root:Aerio Shipmanagement Ltd
ERROR:root:'dict' object has no attribute 'gbp_rate'
WARNING:django.request:Not Found: /cart.json
INFO:django.utils.autoreload:F:\invoice_genrator\myapp\utils.py changed, reloading.
ERROR:root:ABC Maritime
ERROR:root:success() missing 1 required positional argument: 'message'
ERROR:root:Aerio Shipmanagement Ltd
ERROR:root:'dict' object has no attribute 'gbp_rate'
WARNING:django.request:Not Found: /cart.json
ERROR:root:ABC Maritime
INFO:django.utils.autoreload:F:\invoice_genrator\myapp\utils.py changed, reloading.
ERROR:root:2
ERROR:root:Aerio Shipmanagement Ltd
ERROR:root:'dict' object has no attribute 'gbp_rate'
ERROR:root:ABC Maritime
ERROR:root:'dict' object has no attribute 'smtp_user'
ERROR:root:Aerio Shipmanagement Ltd
ERROR:root:'dict' object has no attribute 'gbp_rate'
WARNING:django.request:Not Found: /cart.json
ERROR:root:ABC Maritime
ERROR:root:name 'smtp_user' is not defined
ERROR:root:Aerio Shipmanagement Ltd
ERROR:root:'dict' object has no attribute 'gbp_rate'
WARNING:django.request:Not Found: /cart.json
ERROR:root:ABC Maritime
ERROR:root:'dict' object has no attribute 'smtp_user'
ERROR:root:Aerio Shipmanagement Ltd
ERROR:root:'dict' object has no attribute 'gbp_rate'
ERROR:root:ABC Maritime
ERROR:root:'dict' object has no attribute 'smtp_user'
ERROR:root:Aerio Shipmanagement Ltd
ERROR:root:'dict' object has no attribute 'gbp_rate'
ERROR:root:ABC Maritime
ERROR:root:unsupported operand type(s) for +: 'NoneType' and 'int'
ERROR:root:Aerio Shipmanagement Ltd
ERROR:root:'dict' object has no attribute 'gbp_rate'
WARNING:django.request:Not Found: /cart.json
INFO:django.utils.autoreload:F:\invoice_genrator\myapp\utils.py changed, reloading.
ERROR:root:ABC Maritime
ERROR:root:could not convert string to float: 'bopim9569@gmail.com'
WARNING:django.request:Not Found: /cart.json
ERROR:root:ABC Maritime
ERROR:root:could not convert string to float: 'bopim9569@gmail.com'
WARNING:django.request:Not Found: /cart.json
INFO:django.utils.autoreload:F:\invoice_genrator\myapp\utils.py changed, reloading.
ERROR:root:ABC Maritime
ERROR:root:type str doesn't define __round__ method
WARNING:django.request:Not Found: /cart.json
ERROR:root:ABC Maritime
ERROR:root:type str doesn't define __round__ method
WARNING:django.request:Not Found: /cart.json
INFO:django.utils.autoreload:F:\invoice_genrator\myapp\utils.py changed, reloading.
ERROR:root:ABC Maritime
ERROR:root:type str doesn't define __round__ method
WARNING:django.request:Not Found: /cart.json
ERROR:root:ABC Maritime
ERROR:root:type str doesn't define __round__ method
ERROR:root:ABC Maritime
ERROR:root:unsupported operand type(s) for /: 'float' and 'str'
ERROR:root:ABC Maritime
ERROR:root:could not convert string to float: 'bopim9569@gmail.com'
ERROR:root:ABC Maritime
ERROR:root:Package not found at 'template/Invoice_Template.docx'
ERROR:root:ABC Maritime
ERROR:root:Package not found at 'template\Invoice_Template.docx'
ERROR:root:ABC Maritime
ERROR:root:Package not found at 'template/Invoice_Template.docx'
WARNING:django.request:Not Found: /cart.json
INFO:django.utils.autoreload:F:\invoice_genrator\myapp\utils.py changed, reloading.
ERROR:root:ABC Maritime
ERROR:root:Package not found at 'template/Invoice_Template.docx'
WARNING:django.request:Not Found: /cart.json
ERROR:root:ABC Maritime
ERROR:root:Package not found at 'template/Invoice_Template.docx'
ERROR:root:ABC Maritime
ERROR:root:Package not found at 'F:\invoice_genrator	emplate\Invoice_Template.docx'
WARNING:django.request:Not Found: /cart.json
INFO:django.utils.autoreload:F:\invoice_genrator\myapp\utils.py changed, reloading.
ERROR:root:ABC Maritime
ERROR:root:Package not found at 'template/Invoice_Template.docx'
WARNING:django.request:Not Found: /cart.json
INFO:django.utils.autoreload:F:\invoice_genrator\myapp\utils.py changed, reloading.
ERROR:root:ABC Maritime
ERROR:root:Package not found at 'template\Invoice_Template.docx'
ERROR:root:ABC Maritime
ERROR:root:(-2147221008, 'CoInitialize has not been called.', None, None)
WARNING:django.request:Not Found: /cart.json
ERROR:root:ABC Maritime
ERROR:root:(-2147221008, 'CoInitialize has not been called.', None, None)
WARNING:django.request:Not Found: /cart.json
ERROR:root:ABC Maritime
ERROR:root:(-2147221008, 'CoInitialize has not been called.', None, None)
WARNING:django.request:Not Found: /cart.json
WARNING:django.request:Not Found: /cart.json
WARNING:django.request:Not Found: /cart.json
INFO:django.utils.autoreload:F:\invoice_genrator\myapp\utils.py changed, reloading.
ERROR:root:ABC Maritime
ERROR:root:(-2147221008, 'CoInitialize has not been called.', None, None)
ERROR:root:ABC Maritime
ERROR:root:(-2147221008, 'CoInitialize has not been called.', None, None)
WARNING:django.request:Not Found: /cart.json
INFO:django.utils.autoreload:F:\invoice_genrator\myapp\utils.py changed, reloading.
ERROR:root:ABC Maritime
ERROR:root:No pandoc was found: either install pandoc and add it
to your PATH or or call pypandoc.download_pandoc(...) or
install pypandoc wheels with included pandoc.
WARNING:django.request:Not Found: /cart.json
INFO:django.utils.autoreload:F:\invoice_genrator\myapp\utils.py changed, reloading.
ERROR:root:ABC Maritime
ERROR:root:[WinError 2] The system cannot find the file specified
INFO:django.utils.autoreload:F:\invoice_genrator\myapp\utils.py changed, reloading.
ERROR:root:ABC Maritime
ERROR:root:'NoneType' object has no attribute 'exists'
WARNING:django.request:Not Found: /cart.json
ERROR:root:ABC Maritime
ERROR:root:'NoneType' object has no attribute 'exists'
WARNING:django.request:Not Found: /cart.json
INFO:django.utils.autoreload:F:\invoice_genrator\myapp\utils.py changed, reloading.
ERROR:root:ABC Maritime
ERROR:root:'NoneType' object has no attribute 'exists'
WARNING:django.request:Not Found: /cart.json
INFO:django.utils.autoreload:F:\invoice_genrator\myapp\utils.py changed, reloading.
ERROR:root:ABC Maritime
ERROR:root:'NoneType' object has no attribute 'exists'
WARNING:django.request:Not Found: /cart.json
INFO:django.utils.autoreload:F:\invoice_genrator\myapp\utils.py changed, reloading.
ERROR:root:ABC Maritime
ERROR:root:'NoneType' object has no attribute 'exists'
WARNING:django.request:Not Found: /cart.json
ERROR:root:ABC Maritime
ERROR:root:'NoneType' object has no attribute 'type'
WARNING:django.request:Not Found: /cart.json
INFO:django.utils.autoreload:F:\invoice_genrator\myapp\utils.py changed, reloading.
ERROR:root:ABC Maritime
ERROR:root:'NoneType' object has no attribute 'type'
WARNING:django.request:Not Found: /cart.json
INFO:django.utils.autoreload:F:\invoice_genrator\myapp\utils.py changed, reloading.
ERROR:root:ABC Maritime
ERROR:root:'NoneType' object has no attribute 'exists'
WARNING:django.request:Not Found: /cart.json
INFO:django.utils.autoreload:F:\invoice_genrator\myapp\utils.py changed, reloading.
